[19:44:33] [ServerMain/INFO]: Environment: Environment[sessionHost=https://sessionserver.mojang.com, servicesHost=https://api.minecraftservices.com, name=PROD]
[19:44:34] [ServerMain/INFO]: No existing world data, creating new world
[19:44:34] [ServerMain/INFO]: Loaded 1290 recipes
[19:44:35] [ServerMain/INFO]: Loaded 1399 advancements
[19:44:35] [Server thread/INFO]: Starting minecraft server version 1.21.1
[19:44:35] [Server thread/INFO]: Loading properties
[19:44:35] [Server thread/INFO]: Default game type: SURVIVAL
[19:44:35] [Server thread/INFO]: Generating keypair
[19:44:35] [Server thread/INFO]: Starting Minecraft server on *:25565
[19:44:35] [Server thread/INFO]: Using epoll channel type
[19:44:35] [Server thread/WARN]: **** SERVER IS RUNNING IN OFFLINE/INSECURE MODE!
[19:44:35] [Server thread/WARN]: The server will make no attempt to authenticate usernames. Beware.
[19:44:35] [Server thread/WARN]: While this makes the game possible to play without internet access, it also opens up the ability for hackers to connect with any username they choose.
[19:44:35] [Server thread/WARN]: To change this, set "online-mode" to "true" in the server.properties file.
[19:44:35] [Server thread/INFO]: Preparing level "world"
[19:44:42] [Server thread/INFO]: Preparing start region for dimension minecraft:overworld
[19:44:42] [Worker-Main-1/INFO]: Preparing spawn area: 2%
[19:44:43] [Worker-Main-1/INFO]: Preparing spawn area: 2%
[19:44:43] [Worker-Main-3/INFO]: Preparing spawn area: 2%
[19:44:44] [Worker-Main-3/INFO]: Preparing spawn area: 2%
[19:44:44] [Worker-Main-3/INFO]: Preparing spawn area: 2%
[19:44:45] [Worker-Main-2/INFO]: Preparing spawn area: 18%
[19:44:45] [Worker-Main-1/INFO]: Preparing spawn area: 18%
[19:44:46] [Worker-Main-1/INFO]: Preparing spawn area: 18%
[19:44:46] [Worker-Main-1/INFO]: Preparing spawn area: 18%
[19:44:47] [Worker-Main-3/INFO]: Preparing spawn area: 26%
[19:44:48] [Worker-Main-3/INFO]: Preparing spawn area: 28%
[19:44:48] [Worker-Main-1/INFO]: Preparing spawn area: 51%
[19:44:48] [Worker-Main-3/INFO]: Preparing spawn area: 51%
[19:44:49] [Worker-Main-1/INFO]: Preparing spawn area: 51%
[19:44:49] [Worker-Main-2/INFO]: Preparing spawn area: 51%
[19:44:50] [Server thread/INFO]: Time elapsed: 7390 ms
[19:44:50] [Server thread/INFO]: Done (14.418s)! For help, type "help"
[19:44:50] [Server thread/INFO]: Unknown or incomplete command, see below for error
[19:44:50] [Server thread/INFO]: home/codespace/.python/current/bin/python /workspaces/server1/msx.py<--[HERE]
[19:45:06] [Server thread/INFO]: MIguelcrack1023[/127.174.7.236:32851] logged in with entity id 31 at (8.5, 121.0, -3.5)
[19:45:06] [Server thread/INFO]: MIguelcrack1023 joined the game
[19:45:44] [Server thread/INFO]: Made MIguelcrack1023 a server operator
[19:45:52] [Server thread/INFO]: [MIguelcrack1023: Set own game mode to Creative Mode]
[19:50:18] [Server thread/INFO]: Stopping the server
[19:50:18] [Server thread/INFO]: Stopping server
[19:50:18] [Server thread/INFO]: Saving players
[19:50:18] [Server thread/INFO]: MIguelcrack1023 lost connection: Server closed
[19:50:18] [Server thread/INFO]: MIguelcrack1023 left the game
[19:50:18] [Server thread/INFO]: Saving worlds
[19:50:19] [Server thread/INFO]: Saving chunks for level 'ServerLevel[world]'/minecraft:overworld
[19:50:21] [Server thread/INFO]: Saving chunks for level 'ServerLevel[world]'/minecraft:the_nether
[19:50:21] [Server thread/INFO]: Saving chunks for level 'ServerLevel[world]'/minecraft:the_end
[19:50:21] [Server thread/INFO]: ThreadedAnvilChunkStorage (world): All chunks are saved
[19:50:21] [Server thread/INFO]: ThreadedAnvilChunkStorage (DIM-1): All chunks are saved
[19:50:21] [Server thread/INFO]: ThreadedAnvilChunkStorage (DIM1): All chunks are saved
[19:50:21] [Server thread/INFO]: ThreadedAnvilChunkStorage: All dimensions are saved
